C51 COMPILER V9.60.7.0   MAIN                                                              10/31/2024 15:11:58 PAGE 1   


C51 COMPILER V9.60.7.0, COMPILATION OF MODULE MAIN
OBJECT MODULE PLACED IN .\Objects\main.obj
COMPILER INVOKED BY: C:\Keil_v5\C51\BIN\C51.EXE main.c OPTIMIZE(8,SPEED) BROWSE DEBUG OBJECTEXTEND PRINT(.\Listings\main
                    -.lst) TABS(2) OBJECT(.\Objects\main.obj)

line level    source

   1          #include <reg51.h>
   2          #include <LCD.h>
   3          #include <Delay.h>
   4          #include <Uart.h>
   5          
   6          
   7          void main() {
   8   1          
   9   1          Uart_Init(9600);
  10   1          LCD_Init();
  11   1          Sprint("UART IS Ready");
  12   1          Delay(1000);
  13   1          LCD_Cmd(0x01);
  14   1          while(1) {
  15   2                  if(RI == 1)
  16   2                  {             
  17   3                      LCD_Data(Uart_Rx());    
  18   3                  }    
  19   2                  }
  20   1              }


MODULE INFORMATION:   STATIC OVERLAYABLE
   CODE SIZE        =     42    ----
   CONSTANT SIZE    =     14    ----
   XDATA SIZE       =   ----    ----
   PDATA SIZE       =   ----    ----
   DATA SIZE        =   ----    ----
   IDATA SIZE       =   ----    ----
   BIT SIZE         =   ----    ----
END OF MODULE INFORMATION.


C51 COMPILATION COMPLETE.  0 WARNING(S),  0 ERROR(S)
